{
  "RSpec": {
    "coverage": {
      "/Users/andrewmullins/Desktop/Turing/1mod/projects/enigma/spec/enigma_spec.rb": {
        "lines": [
          1,
          null,
          1,
          18,
          null,
          1,
          1,
          1,
          1,
          1,
          1,
          1,
          null,
          null,
          null,
          null,
          null,
          null,
          1,
          1,
          1,
          null,
          null,
          null,
          null,
          1,
          1,
          1,
          null,
          null,
          1,
          1,
          1,
          1,
          1,
          1,
          null,
          null,
          1,
          1,
          1,
          1,
          null,
          null,
          1,
          1,
          1,
          1,
          null,
          null,
          1,
          1,
          1,
          1,
          null,
          null,
          1,
          1,
          1,
          1,
          null,
          null,
          1,
          1,
          1,
          1,
          null,
          null,
          1,
          1,
          1,
          1,
          null,
          null,
          1,
          1,
          1,
          1,
          null,
          null,
          1,
          1,
          1,
          1,
          null,
          null,
          1,
          1,
          1,
          1,
          null,
          null,
          1,
          1,
          1,
          null,
          1,
          1,
          1,
          1,
          null,
          null,
          1,
          1,
          1,
          null,
          1,
          1,
          1,
          1,
          null,
          null,
          1,
          null,
          null,
          null,
          1,
          1,
          1,
          1,
          null,
          1,
          1,
          null,
          1,
          1,
          null,
          1,
          1,
          null,
          1,
          1,
          null,
          null,
          1,
          1,
          1,
          1,
          null,
          1,
          1,
          1,
          1,
          null,
          null,
          1,
          1,
          1,
          1,
          1,
          null,
          1,
          1,
          null,
          1,
          1,
          null,
          1,
          1,
          null,
          1,
          1,
          null,
          null
        ]
      },
      "/Users/andrewmullins/Desktop/Turing/1mod/projects/enigma/lib/enigma.rb": {
        "lines": [
          1,
          1,
          null,
          null,
          null,
          null,
          null,
          1,
          null,
          null,
          null,
          null,
          null,
          null,
          null,
          17,
          17,
          17,
          17,
          17,
          null,
          null,
          null,
          null,
          null,
          null,
          1,
          14,
          14,
          14,
          null,
          14,
          null,
          null,
          null,
          null,
          null,
          1,
          20,
          null,
          null,
          1,
          18,
          null,
          null,
          1,
          15,
          null,
          null,
          1,
          11,
          null,
          null,
          1,
          65,
          null,
          null,
          1,
          20,
          null,
          null,
          1,
          18,
          null,
          null,
          1,
          15,
          null,
          null,
          1,
          11,
          null,
          null,
          1,
          19,
          null,
          null,
          1,
          17,
          null,
          null,
          1,
          14,
          null,
          null,
          1,
          10,
          null,
          null,
          1,
          10,
          null,
          null,
          1,
          9,
          null,
          null,
          1,
          7,
          null,
          null,
          1,
          5,
          null,
          null,
          1,
          8,
          null,
          null,
          1,
          7,
          null,
          null,
          1,
          6,
          null,
          null,
          1,
          4,
          null,
          null,
          1,
          null,
          null,
          null,
          1,
          6,
          6,
          27,
          27,
          27,
          9,
          18,
          8,
          10,
          6,
          4,
          4,
          null,
          null,
          null,
          null,
          1,
          5,
          5,
          21,
          21,
          7,
          14,
          6,
          8,
          5,
          3,
          3,
          null,
          null,
          null,
          null
        ]
      }
    },
    "timestamp": 1659702165
  }
}
