{
  "RSpec": {
    "coverage": {
      "/Users/andrewmullins/Desktop/Turing/1mod/projects/enigma/spec/enigma_spec.rb": {
        "lines": [
          1,
          null,
          1,
          23,
          null,
          1,
          1,
          1,
          1,
          1,
          1,
          1,
          null,
          null,
          null,
          null,
          null,
          null,
          1,
          1,
          null,
          null,
          null,
          null,
          1,
          1,
          1,
          null,
          null,
          1,
          1,
          1,
          null,
          1,
          null,
          null,
          null,
          null,
          1,
          1,
          1,
          null,
          null,
          1,
          1,
          1,
          null,
          1,
          null,
          null,
          null,
          null,
          null,
          null,
          1,
          1,
          null,
          null,
          null,
          null,
          null,
          1,
          1,
          1,
          null,
          null,
          1,
          1,
          null,
          null,
          null,
          null,
          null,
          null,
          1,
          1,
          1,
          null,
          null,
          null,
          null,
          null,
          null,
          1,
          1,
          1,
          1,
          1,
          1,
          null,
          null,
          1,
          1,
          1,
          1,
          null,
          null,
          1,
          1,
          1,
          1,
          null,
          null,
          1,
          1,
          1,
          1,
          null,
          null,
          1,
          1,
          1,
          1,
          null,
          null,
          1,
          1,
          1,
          1,
          null,
          null,
          1,
          1,
          1,
          1,
          null,
          null,
          1,
          1,
          1,
          1,
          null,
          null,
          1,
          1,
          1,
          1,
          null,
          null,
          1,
          1,
          1,
          1,
          null,
          null,
          1,
          1,
          1,
          null,
          1,
          1,
          1,
          1,
          null,
          null,
          1,
          1,
          1,
          null,
          1,
          1,
          1,
          1,
          null,
          null,
          1,
          null,
          null,
          null,
          1,
          1,
          1,
          1,
          null,
          1,
          1,
          null,
          1,
          1,
          null,
          1,
          1,
          null,
          1,
          1,
          null,
          null,
          1,
          1,
          1,
          1,
          null,
          1,
          1,
          1,
          1,
          null,
          null,
          1,
          1,
          1,
          1,
          1,
          null,
          1,
          1,
          null,
          1,
          1,
          null,
          1,
          1,
          null,
          1,
          1,
          null,
          null,
          null,
          1,
          21,
          1,
          1,
          null,
          null,
          null,
          1,
          1,
          1,
          1,
          null,
          null,
          1,
          1,
          null,
          null,
          null,
          null,
          null,
          1,
          1,
          null,
          null,
          1,
          1,
          null,
          null,
          null,
          null,
          null,
          null,
          1,
          1,
          null,
          null,
          1,
          1,
          null,
          1,
          null,
          null,
          1,
          1,
          null,
          1,
          null,
          null,
          1,
          1,
          1,
          null,
          null,
          1,
          1,
          1,
          null,
          null,
          1,
          1,
          1,
          null,
          null,
          1,
          1,
          1,
          null,
          null,
          null,
          1,
          1,
          1,
          null,
          null,
          1,
          1,
          1,
          1,
          1,
          null,
          null,
          1,
          1,
          1,
          null,
          null,
          null,
          null,
          null,
          null,
          null,
          1,
          1,
          1,
          null,
          null,
          null,
          null,
          null,
          null,
          null,
          1,
          1,
          1,
          null,
          null,
          1,
          1,
          1,
          1,
          null,
          null,
          1,
          1,
          1,
          1,
          null,
          null,
          1,
          1,
          1,
          1,
          null,
          null,
          1,
          1,
          1,
          1,
          null,
          null,
          null,
          null,
          null,
          null,
          null,
          1,
          1,
          1,
          null,
          null,
          null
        ]
      },
      "/Users/andrewmullins/Desktop/Turing/1mod/projects/enigma/lib/enigma.rb": {
        "lines": [
          1,
          1,
          1,
          1,
          null,
          1,
          1,
          1,
          1,
          1,
          1,
          null,
          null,
          null,
          null,
          null,
          1,
          43,
          null,
          null,
          null,
          null,
          null,
          null,
          1,
          32,
          32,
          32,
          32,
          32,
          null,
          32,
          null,
          null,
          null,
          null,
          null,
          1,
          3,
          3,
          3,
          3,
          null,
          3,
          null,
          null,
          null,
          null,
          null,
          1,
          25,
          25,
          205,
          205,
          1,
          204,
          66,
          138,
          49,
          89,
          47,
          42,
          42,
          null,
          null,
          null,
          null,
          1,
          9,
          9,
          64,
          64,
          1,
          63,
          19,
          44,
          17,
          27,
          16,
          11,
          11,
          null,
          null,
          null,
          null,
          1,
          1,
          1,
          1,
          1,
          null,
          1,
          null,
          null,
          null,
          null,
          null
        ]
      },
      "/Users/andrewmullins/Desktop/Turing/1mod/projects/enigma/lib/key_generator.rb": {
        "lines": [
          1,
          1,
          2,
          2,
          2,
          10,
          null,
          2,
          null,
          null
        ]
      },
      "/Users/andrewmullins/Desktop/Turing/1mod/projects/enigma/lib/shiftable.rb": {
        "lines": [
          1,
          1,
          684,
          null,
          null,
          1,
          89,
          null,
          null,
          1,
          70,
          null,
          null,
          1,
          67,
          null,
          null,
          1,
          57,
          null,
          null,
          1,
          189,
          null,
          null,
          1,
          170,
          null,
          null,
          1,
          167,
          null,
          null,
          1,
          157,
          null,
          null,
          1,
          88,
          null,
          null,
          1,
          69,
          null,
          null,
          1,
          66,
          null,
          null,
          1,
          56,
          null,
          null,
          1,
          67,
          null,
          null,
          1,
          50,
          null,
          null,
          1,
          48,
          null,
          null,
          1,
          43,
          null,
          null,
          1,
          20,
          null,
          null,
          1,
          18,
          null,
          null,
          1,
          17,
          null,
          null,
          1,
          12,
          null,
          null
        ]
      },
      "/Users/andrewmullins/Desktop/Turing/1mod/projects/enigma/lib/positionator.rb": {
        "lines": [
          1,
          1,
          201,
          null,
          null,
          1,
          201,
          null,
          null,
          1,
          201,
          null,
          null,
          1,
          201,
          null,
          null,
          1,
          667,
          null,
          null,
          1,
          482,
          null,
          null,
          1,
          316,
          null,
          null,
          1,
          153,
          null,
          null,
          1,
          800,
          null,
          null,
          1,
          102,
          null,
          null,
          1,
          101,
          null,
          null,
          1,
          200,
          null,
          null,
          1,
          500,
          null,
          null,
          1,
          500,
          null,
          null,
          1,
          100,
          400,
          100,
          300,
          100,
          200,
          100,
          100,
          100,
          null,
          null,
          null,
          null,
          1,
          99,
          99,
          99,
          297,
          297,
          null,
          99,
          297,
          null,
          99,
          null,
          null
        ]
      },
      "/Users/andrewmullins/Desktop/Turing/1mod/projects/enigma/lib/key_crack.rb": {
        "lines": [
          1,
          null,
          1,
          99,
          99,
          99,
          99,
          495,
          null,
          null,
          1,
          1572,
          null,
          null,
          1,
          98,
          392,
          392,
          392,
          1568,
          1568,
          null,
          1960,
          null,
          98,
          null,
          null,
          1,
          97,
          null,
          null,
          1,
          18,
          6,
          24,
          96,
          null,
          24,
          96,
          null,
          null,
          12,
          null,
          null,
          1,
          18,
          6,
          24,
          96,
          null,
          24,
          24,
          null,
          null,
          18,
          null,
          null,
          1,
          6,
          6,
          24,
          24,
          null,
          null,
          6,
          null,
          null,
          1,
          6,
          6,
          24,
          24,
          null,
          null,
          6,
          null,
          null,
          null,
          1,
          5,
          null,
          5,
          null,
          5,
          null,
          5,
          null,
          5,
          5,
          null,
          null,
          1,
          3,
          3,
          12,
          2,
          null,
          1,
          null,
          3,
          null,
          null,
          1,
          7,
          null,
          null,
          1,
          2,
          2,
          4,
          8,
          16,
          32,
          4,
          null,
          null,
          null,
          null,
          null,
          2,
          null,
          null,
          1,
          32,
          null,
          null,
          null,
          null
        ]
      },
      "/Users/andrewmullins/Desktop/Turing/1mod/projects/enigma/spec/key_generator_spec.rb": {
        "lines": [
          1,
          null,
          1,
          2,
          1,
          1,
          1,
          1,
          1,
          1,
          1,
          null,
          null
        ]
      }
    },
    "timestamp": 1660068638
  }
}
